0 info it worked if it ends with ok
1 verbose cli [ '/usr/local/bin/node',
1 verbose cli   '/usr/local/bin/npm',
1 verbose cli   'install',
1 verbose cli   '--save',
1 verbose cli   'angular-route@X.Y.Z' ]
2 info using npm@3.10.10
3 info using node@v6.11.2
4 verbose config Skipping project config: /Users/Matt/.npmrc. (matches userconfig)
5 silly loadCurrentTree Starting
6 silly install loadCurrentTree
7 silly install readLocalPackageData
8 silly fetchPackageMetaData angular-route@X.Y.Z
9 silly fetchNamedPackageData angular-route
10 silly mapToRegistry name angular-route
11 silly mapToRegistry using default registry
12 silly mapToRegistry registry https://registry.npmjs.org/
13 silly mapToRegistry data Result {
13 silly mapToRegistry   raw: 'angular-route',
13 silly mapToRegistry   scope: null,
13 silly mapToRegistry   escapedName: 'angular-route',
13 silly mapToRegistry   name: 'angular-route',
13 silly mapToRegistry   rawSpec: '',
13 silly mapToRegistry   spec: 'latest',
13 silly mapToRegistry   type: 'tag' }
14 silly mapToRegistry uri https://registry.npmjs.org/angular-route
15 verbose request uri https://registry.npmjs.org/angular-route
16 verbose request no auth needed
17 info attempt registry request try #1 at 3:56:55 PM
18 verbose request id f249967dc30719d2
19 http request GET https://registry.npmjs.org/angular-route
20 http 200 https://registry.npmjs.org/angular-route
21 verbose headers { server: 'nginx/1.10.1',
21 verbose headers   'content-type': 'application/json',
21 verbose headers   'last-modified': 'Mon, 03 Jul 2017 19:54:17 GMT',
21 verbose headers   etag: 'W/"595aa0e9-1822f"',
21 verbose headers   'content-encoding': 'gzip',
21 verbose headers   'cache-control': 'max-age=300',
21 verbose headers   'content-length': '10633',
21 verbose headers   'accept-ranges': 'bytes',
21 verbose headers   date: 'Wed, 09 Aug 2017 19:56:55 GMT',
21 verbose headers   via: '1.1 varnish',
21 verbose headers   age: '106',
21 verbose headers   connection: 'keep-alive',
21 verbose headers   'x-served-by': 'cache-dca17726-DCA',
21 verbose headers   'x-cache': 'HIT',
21 verbose headers   'x-cache-hits': '1',
21 verbose headers   'x-timer': 'S1502308616.780205,VS0,VE0',
21 verbose headers   vary: 'Accept-Encoding, Accept' }
22 silly get cb [ 200,
22 silly get   { server: 'nginx/1.10.1',
22 silly get     'content-type': 'application/json',
22 silly get     'last-modified': 'Mon, 03 Jul 2017 19:54:17 GMT',
22 silly get     etag: 'W/"595aa0e9-1822f"',
22 silly get     'content-encoding': 'gzip',
22 silly get     'cache-control': 'max-age=300',
22 silly get     'content-length': '10633',
22 silly get     'accept-ranges': 'bytes',
22 silly get     date: 'Wed, 09 Aug 2017 19:56:55 GMT',
22 silly get     via: '1.1 varnish',
22 silly get     age: '106',
22 silly get     connection: 'keep-alive',
22 silly get     'x-served-by': 'cache-dca17726-DCA',
22 silly get     'x-cache': 'HIT',
22 silly get     'x-cache-hits': '1',
22 silly get     'x-timer': 'S1502308616.780205,VS0,VE0',
22 silly get     vary: 'Accept-Encoding, Accept' } ]
23 verbose get saving angular-route to /Users/Matt/.npm/registry.npmjs.org/angular-route/.cache.json
24 verbose correctMkdir /Users/Matt/.npm correctMkdir not in flight; initializing
25 silly fetchPackageMetaData Error: No compatible version found: angular-route@X.Y.Z
25 silly fetchPackageMetaData Valid install targets:
25 silly fetchPackageMetaData 1.6.5, 1.6.4, 1.6.3, 1.6.2, 1.6.1, 1.6.0, 1.6.0-rc.2, 1.6.0-rc.1, 1.6.0-rc.0, 1.5.11, 1.5.10, 1.5.9, 1.5.8, 1.5.7, 1.5.6, 1.5.5, 1.5.3, 1.5.2, 1.5.1, 1.5.0, 1.5.0-rc.2, 1.5.0-rc.1, 1.5.0-rc.0, 1.5.0-beta.2, 1.5.0-beta.0, 1.4.14, 1.4.13, 1.4.12, 1.4.11, 1.4.10, 1.4.9, 1.4.8, 1.4.7, 1.4.6, 1.4.5, 1.4.4, 1.4.3, 1.4.2, 1.4.1, 1.4.0, 1.4.0-rc.2, 1.4.0-rc.1, 1.4.0-rc.0, 1.4.0-beta.6, 1.4.0-beta.5, 1.4.0-beta.4, 1.4.0-beta.3, 1.4.0-beta.2, 1.4.0-beta.1, 1.4.0-beta.0, 1.3.20, 1.3.19, 1.3.18, 1.3.17, 1.3.16, 1.3.15, 1.3.14, 1.3.13, 1.3.12, 1.3.11, 1.3.10, 1.3.9, 1.3.8, 1.3.7, 1.3.6, 1.3.5, 1.3.4, 1.3.4-build.3588, 1.3.3, 1.3.2, 1.3.1, 1.3.0, 1.3.0-rc.5, 1.2.32, 1.2.31, 1.2.30, 1.2.29, 1.2.28, 1.2.27, 1.2.17-build.163.1
25 silly fetchPackageMetaData
25 silly fetchPackageMetaData     at pickVersionFromRegistryDocument (/usr/local/lib/node_modules/npm/lib/fetch-package-metadata.js:178:16)
25 silly fetchPackageMetaData     at /usr/local/lib/node_modules/npm/node_modules/iferr/index.js:13:50
25 silly fetchPackageMetaData     at /usr/local/lib/node_modules/npm/lib/utils/pulse-till-done.js:20:8
25 silly fetchPackageMetaData     at saved (/usr/local/lib/node_modules/npm/lib/cache/caching-client.js:174:7)
25 silly fetchPackageMetaData     at /usr/local/lib/node_modules/npm/node_modules/graceful-fs/polyfills.js:241:18
25 silly fetchPackageMetaData     at FSReqWrap.oncomplete (fs.js:123:15)
25 silly fetchPackageMetaData  error for angular-route@X.Y.Z { Error: No compatible version found: angular-route@X.Y.Z
25 silly fetchPackageMetaData Valid install targets:
25 silly fetchPackageMetaData 1.6.5, 1.6.4, 1.6.3, 1.6.2, 1.6.1, 1.6.0, 1.6.0-rc.2, 1.6.0-rc.1, 1.6.0-rc.0, 1.5.11, 1.5.10, 1.5.9, 1.5.8, 1.5.7, 1.5.6, 1.5.5, 1.5.3, 1.5.2, 1.5.1, 1.5.0, 1.5.0-rc.2, 1.5.0-rc.1, 1.5.0-rc.0, 1.5.0-beta.2, 1.5.0-beta.0, 1.4.14, 1.4.13, 1.4.12, 1.4.11, 1.4.10, 1.4.9, 1.4.8, 1.4.7, 1.4.6, 1.4.5, 1.4.4, 1.4.3, 1.4.2, 1.4.1, 1.4.0, 1.4.0-rc.2, 1.4.0-rc.1, 1.4.0-rc.0, 1.4.0-beta.6, 1.4.0-beta.5, 1.4.0-beta.4, 1.4.0-beta.3, 1.4.0-beta.2, 1.4.0-beta.1, 1.4.0-beta.0, 1.3.20, 1.3.19, 1.3.18, 1.3.17, 1.3.16, 1.3.15, 1.3.14, 1.3.13, 1.3.12, 1.3.11, 1.3.10, 1.3.9, 1.3.8, 1.3.7, 1.3.6, 1.3.5, 1.3.4, 1.3.4-build.3588, 1.3.3, 1.3.2, 1.3.1, 1.3.0, 1.3.0-rc.5, 1.2.32, 1.2.31, 1.2.30, 1.2.29, 1.2.28, 1.2.27, 1.2.17-build.163.1
25 silly fetchPackageMetaData
25 silly fetchPackageMetaData     at pickVersionFromRegistryDocument (/usr/local/lib/node_modules/npm/lib/fetch-package-metadata.js:178:16)
25 silly fetchPackageMetaData     at /usr/local/lib/node_modules/npm/node_modules/iferr/index.js:13:50
25 silly fetchPackageMetaData     at /usr/local/lib/node_modules/npm/lib/utils/pulse-till-done.js:20:8
25 silly fetchPackageMetaData     at saved (/usr/local/lib/node_modules/npm/lib/cache/caching-client.js:174:7)
25 silly fetchPackageMetaData     at /usr/local/lib/node_modules/npm/node_modules/graceful-fs/polyfills.js:241:18
25 silly fetchPackageMetaData     at FSReqWrap.oncomplete (fs.js:123:15) code: 'ETARGET' }
26 silly rollbackFailedOptional Starting
27 silly rollbackFailedOptional Finishing
28 silly runTopLevelLifecycles Finishing
29 silly install printInstalled
30 verbose stack Error: No compatible version found: angular-route@X.Y.Z
30 verbose stack Valid install targets:
30 verbose stack 1.6.5, 1.6.4, 1.6.3, 1.6.2, 1.6.1, 1.6.0, 1.6.0-rc.2, 1.6.0-rc.1, 1.6.0-rc.0, 1.5.11, 1.5.10, 1.5.9, 1.5.8, 1.5.7, 1.5.6, 1.5.5, 1.5.3, 1.5.2, 1.5.1, 1.5.0, 1.5.0-rc.2, 1.5.0-rc.1, 1.5.0-rc.0, 1.5.0-beta.2, 1.5.0-beta.0, 1.4.14, 1.4.13, 1.4.12, 1.4.11, 1.4.10, 1.4.9, 1.4.8, 1.4.7, 1.4.6, 1.4.5, 1.4.4, 1.4.3, 1.4.2, 1.4.1, 1.4.0, 1.4.0-rc.2, 1.4.0-rc.1, 1.4.0-rc.0, 1.4.0-beta.6, 1.4.0-beta.5, 1.4.0-beta.4, 1.4.0-beta.3, 1.4.0-beta.2, 1.4.0-beta.1, 1.4.0-beta.0, 1.3.20, 1.3.19, 1.3.18, 1.3.17, 1.3.16, 1.3.15, 1.3.14, 1.3.13, 1.3.12, 1.3.11, 1.3.10, 1.3.9, 1.3.8, 1.3.7, 1.3.6, 1.3.5, 1.3.4, 1.3.4-build.3588, 1.3.3, 1.3.2, 1.3.1, 1.3.0, 1.3.0-rc.5, 1.2.32, 1.2.31, 1.2.30, 1.2.29, 1.2.28, 1.2.27, 1.2.17-build.163.1
30 verbose stack
30 verbose stack     at pickVersionFromRegistryDocument (/usr/local/lib/node_modules/npm/lib/fetch-package-metadata.js:178:16)
30 verbose stack     at /usr/local/lib/node_modules/npm/node_modules/iferr/index.js:13:50
30 verbose stack     at /usr/local/lib/node_modules/npm/lib/utils/pulse-till-done.js:20:8
30 verbose stack     at saved (/usr/local/lib/node_modules/npm/lib/cache/caching-client.js:174:7)
30 verbose stack     at /usr/local/lib/node_modules/npm/node_modules/graceful-fs/polyfills.js:241:18
30 verbose stack     at FSReqWrap.oncomplete (fs.js:123:15)
31 verbose cwd /Users/Matt/Desktop/ToDoApp
32 error Darwin 16.7.0
33 error argv "/usr/local/bin/node" "/usr/local/bin/npm" "install" "--save" "angular-route@X.Y.Z"
34 error node v6.11.2
35 error npm  v3.10.10
36 error code ETARGET
37 error notarget No compatible version found: angular-route@X.Y.Z
37 error notarget Valid install targets:
37 error notarget 1.6.5, 1.6.4, 1.6.3, 1.6.2, 1.6.1, 1.6.0, 1.6.0-rc.2, 1.6.0-rc.1, 1.6.0-rc.0, 1.5.11, 1.5.10, 1.5.9, 1.5.8, 1.5.7, 1.5.6, 1.5.5, 1.5.3, 1.5.2, 1.5.1, 1.5.0, 1.5.0-rc.2, 1.5.0-rc.1, 1.5.0-rc.0, 1.5.0-beta.2, 1.5.0-beta.0, 1.4.14, 1.4.13, 1.4.12, 1.4.11, 1.4.10, 1.4.9, 1.4.8, 1.4.7, 1.4.6, 1.4.5, 1.4.4, 1.4.3, 1.4.2, 1.4.1, 1.4.0, 1.4.0-rc.2, 1.4.0-rc.1, 1.4.0-rc.0, 1.4.0-beta.6, 1.4.0-beta.5, 1.4.0-beta.4, 1.4.0-beta.3, 1.4.0-beta.2, 1.4.0-beta.1, 1.4.0-beta.0, 1.3.20, 1.3.19, 1.3.18, 1.3.17, 1.3.16, 1.3.15, 1.3.14, 1.3.13, 1.3.12, 1.3.11, 1.3.10, 1.3.9, 1.3.8, 1.3.7, 1.3.6, 1.3.5, 1.3.4, 1.3.4-build.3588, 1.3.3, 1.3.2, 1.3.1, 1.3.0, 1.3.0-rc.5, 1.2.32, 1.2.31, 1.2.30, 1.2.29, 1.2.28, 1.2.27, 1.2.17-build.163.1
38 error notarget This is most likely not a problem with npm itself.
38 error notarget In most cases you or one of your dependencies are requesting
38 error notarget a package version that doesn't exist.
39 verbose exit [ 1, true ]
